2015-01-16 6:00:08 - PHP Notice:  Undefined index: lastname in /home/www/default/free-cn2011/catalog/model/account/customer.php on line 21
2015-01-16 6:00:08 - PHP Notice:  Undefined index: address_2 in /home/www/default/free-cn2011/catalog/model/account/customer.php on line 21
2015-01-16 6:00:10 - PHP Notice:  Undefined index: lastname in /home/www/default/free-cn2011/catalog/controller/account/register.php on line 35
2015-01-16 6:00:53 - PHP Notice:  Undefined index: address_2 in /home/www/default/free-cn2011/catalog/model/account/address.php on line 22
2015-01-16 6:04:07 - PHP Notice:  Undefined index: lastname in /home/www/default/free-cn2011/catalog/model/account/customer.php on line 21
2015-01-16 6:04:07 - PHP Notice:  Undefined index: address_2 in /home/www/default/free-cn2011/catalog/model/account/customer.php on line 21
2015-01-16 6:06:52 - PHP Notice:  Error: Could not load model /home/www/default/free-cn2011/catalog/model/payment/amazon_checkout.php! in /home/www/default/free-cn2011/system/engine/loader.php on line 24
2015-01-16 6:07:45 - PHP Notice:  Undefined index: address_2 in /home/www/default/free-cn2011/catalog/controller/checkout/confirm.php on line 131
2015-01-16 6:07:45 - PHP Notice:  Undefined index: address_2 in /home/www/default/free-cn2011/catalog/controller/checkout/confirm.php on line 158
2015-01-16 6:10:30 - PHP Notice:  Undefined index: address_2 in /home/www/default/free-cn2011/catalog/controller/checkout/confirm.php on line 131
2015-01-16 6:10:30 - PHP Notice:  Undefined index: shipping_address_2 in /home/www/default/free-cn2011/catalog/model/checkout/order.php on line 6
2015-01-16 6:10:42 - PHP Notice:  Undefined index: address_2 in /home/www/default/free-cn2011/catalog/controller/checkout/confirm.php on line 131
2015-01-16 6:10:42 - PHP Notice:  Undefined index: shipping_address_2 in /home/www/default/free-cn2011/catalog/model/checkout/order.php on line 6
2015-01-16 6:15:48 - PHP Notice:  Undefined index: payment_address_2 in /home/www/default/free-cn2011/catalog/model/checkout/order.php on line 6
2015-01-16 6:15:48 - PHP Notice:  Undefined index: shipping_address_2 in /home/www/default/free-cn2011/catalog/model/checkout/order.php on line 6
2015-01-16 6:19:00 - PHP Notice:  Error: Could not load model /home/www/default/free-cn2011/catalog/model/payment/amazon_checkout.php! in /home/www/default/free-cn2011/system/engine/loader.php on line 24
2015-01-16 6:21:51 - PHP Notice:  Error: Could not load model /home/www/default/free-cn2011/catalog/model/payment/amazon_checkout.php! in /home/www/default/free-cn2011/system/engine/loader.php on line 24
2015-07-03 15:09:50 - PHP Notice:  Undefined index: lastname in /Users/Mike/Workspace/php-code/weiphp/Addons/Weishop/shop/catalog/controller/account/register.php on line 35
2015-07-03 15:25:25 - PHP Notice:  Undefined index: lastname in /Users/Mike/Workspace/php-code/weiphp/Addons/Weishop/shop/catalog/controller/account/register.php on line 35
2015-07-03 15:57:05 - PHP Notice:  Undefined variable: rout in /Users/Mike/Workspace/php-code/weiphp/Addons/Weishop/shop/system/engine/action.php on line 9
2015-07-03 15:57:05 - PHP Notice:  Undefined variable: rout in /Users/Mike/Workspace/php-code/weiphp/Addons/Weishop/shop/system/engine/action.php on line 9
2015-07-03 15:57:05 - PHP Notice:  Undefined variable: rout in /Users/Mike/Workspace/php-code/weiphp/Addons/Weishop/shop/system/engine/action.php on line 9
2015-07-03 15:57:05 - PHP Notice:  Undefined variable: rout in /Users/Mike/Workspace/php-code/weiphp/Addons/Weishop/shop/system/engine/action.php on line 9
2015-07-03 15:57:05 - PHP Notice:  Undefined variable: rout in /Users/Mike/Workspace/php-code/weiphp/Addons/Weishop/shop/system/engine/action.php on line 9
2015-07-03 15:57:05 - PHP Notice:  Undefined variable: rout in /Users/Mike/Workspace/php-code/weiphp/Addons/Weishop/shop/system/engine/action.php on line 9
2015-07-03 15:57:05 - PHP Notice:  Undefined variable: rout in /Users/Mike/Workspace/php-code/weiphp/Addons/Weishop/shop/system/engine/action.php on line 9
2015-07-03 15:57:05 - PHP Notice:  Undefined variable: rout in /Users/Mike/Workspace/php-code/weiphp/Addons/Weishop/shop/system/engine/action.php on line 9
2015-07-03 15:57:05 - PHP Notice:  Undefined variable: rout in /Users/Mike/Workspace/php-code/weiphp/Addons/Weishop/shop/system/engine/action.php on line 9
2015-07-03 15:57:05 - PHP Notice:  Undefined variable: rout in /Users/Mike/Workspace/php-code/weiphp/Addons/Weishop/shop/system/engine/action.php on line 9
2015-07-03 15:57:05 - PHP Notice:  Undefined variable: rout in /Users/Mike/Workspace/php-code/weiphp/Addons/Weishop/shop/system/engine/action.php on line 9
2015-07-03 15:57:05 - PHP Notice:  Undefined variable: rout in /Users/Mike/Workspace/php-code/weiphp/Addons/Weishop/shop/system/engine/action.php on line 9
2015-07-03 15:57:05 - PHP Notice:  Undefined variable: rout in /Users/Mike/Workspace/php-code/weiphp/Addons/Weishop/shop/system/engine/action.php on line 9
2015-07-03 15:57:05 - PHP Notice:  Undefined variable: rout in /Users/Mike/Workspace/php-code/weiphp/Addons/Weishop/shop/system/engine/action.php on line 9
2015-07-03 15:57:05 - PHP Notice:  Undefined variable: rout in /Users/Mike/Workspace/php-code/weiphp/Addons/Weishop/shop/system/engine/action.php on line 9
2015-07-03 16:20:36 - PHP Notice:  Undefined index: email in /Users/Mike/Workspace/php-code/weiphp/Addons/Weishop/shop/catalog/controller/account/loginbywx.php on line 9
2015-07-03 16:20:36 - PHP Notice:  Undefined index: email in /Users/Mike/Workspace/php-code/weiphp/Addons/Weishop/shop/catalog/controller/account/loginbywx.php on line 16
2015-07-03 16:20:36 - PHP Notice:  Undefined index: email in /Users/Mike/Workspace/php-code/weiphp/Addons/Weishop/shop/catalog/controller/account/loginbywx.php on line 23
2015-07-03 16:20:36 - PHP Notice:  Undefined index: password in /Users/Mike/Workspace/php-code/weiphp/Addons/Weishop/shop/catalog/controller/account/loginbywx.php on line 23
2015-07-03 16:20:36 - PHP Notice:  Undefined index: email in /Users/Mike/Workspace/php-code/weiphp/Addons/Weishop/shop/catalog/controller/account/loginbywx.php on line 26
2015-07-03 16:20:37 - PHP Notice:  Undefined index: email in /Users/Mike/Workspace/php-code/weiphp/Addons/Weishop/shop/catalog/controller/account/loginbywx.php on line 9
2015-07-03 16:20:37 - PHP Notice:  Undefined index: email in /Users/Mike/Workspace/php-code/weiphp/Addons/Weishop/shop/catalog/controller/account/loginbywx.php on line 16
2015-07-03 16:20:37 - PHP Notice:  Undefined index: email in /Users/Mike/Workspace/php-code/weiphp/Addons/Weishop/shop/catalog/controller/account/loginbywx.php on line 23
2015-07-03 16:20:37 - PHP Notice:  Undefined index: password in /Users/Mike/Workspace/php-code/weiphp/Addons/Weishop/shop/catalog/controller/account/loginbywx.php on line 23
2015-07-03 16:20:37 - PHP Notice:  Undefined index: email in /Users/Mike/Workspace/php-code/weiphp/Addons/Weishop/shop/catalog/controller/account/loginbywx.php on line 26
2015-07-03 16:20:37 - PHP Notice:  Undefined index: email in /Users/Mike/Workspace/php-code/weiphp/Addons/Weishop/shop/catalog/controller/account/loginbywx.php on line 9
2015-07-03 16:20:37 - PHP Notice:  Undefined index: email in /Users/Mike/Workspace/php-code/weiphp/Addons/Weishop/shop/catalog/controller/account/loginbywx.php on line 16
2015-07-03 16:20:37 - PHP Notice:  Undefined index: email in /Users/Mike/Workspace/php-code/weiphp/Addons/Weishop/shop/catalog/controller/account/loginbywx.php on line 23
2015-07-03 16:20:37 - PHP Notice:  Undefined index: password in /Users/Mike/Workspace/php-code/weiphp/Addons/Weishop/shop/catalog/controller/account/loginbywx.php on line 23
2015-07-03 16:20:37 - PHP Notice:  Undefined index: email in /Users/Mike/Workspace/php-code/weiphp/Addons/Weishop/shop/catalog/controller/account/loginbywx.php on line 26
2015-07-03 16:21:19 - PHP Notice:  Undefined index: email in /Users/Mike/Workspace/php-code/weiphp/Addons/Weishop/shop/catalog/controller/account/loginbywx.php on line 23
2015-07-03 16:21:21 - PHP Notice:  Undefined index: email in /Users/Mike/Workspace/php-code/weiphp/Addons/Weishop/shop/catalog/controller/account/loginbywx.php on line 23
2015-07-03 16:22:42 - PHP Notice:  Undefined index: email in /Users/Mike/Workspace/php-code/weiphp/Addons/Weishop/shop/catalog/controller/account/loginbywx.php on line 23
2015-07-03 16:24:56 - PHP Notice:  Undefined index: email in /Users/Mike/Workspace/php-code/weiphp/Addons/Weishop/shop/catalog/controller/account/loginbywx.php on line 9
2015-07-03 16:24:56 - PHP Notice:  Undefined index: email in /Users/Mike/Workspace/php-code/weiphp/Addons/Weishop/shop/catalog/controller/account/loginbywx.php on line 16
2015-07-03 16:24:56 - PHP Notice:  Undefined index: email in /Users/Mike/Workspace/php-code/weiphp/Addons/Weishop/shop/catalog/controller/account/loginbywx.php on line 23
2015-07-03 16:24:56 - PHP Notice:  Undefined index: password in /Users/Mike/Workspace/php-code/weiphp/Addons/Weishop/shop/catalog/controller/account/loginbywx.php on line 23
2015-07-03 16:24:56 - PHP Notice:  Undefined index: email in /Users/Mike/Workspace/php-code/weiphp/Addons/Weishop/shop/catalog/controller/account/loginbywx.php on line 26
2015-07-03 17:11:17 - PHP Notice:  Undefined index: password in /Users/Mike/Workspace/php-code/weiphp/Addons/Weishop/shop/catalog/controller/account/registerbywx.php on line 7
2015-07-03 17:11:17 - PHP Notice:  Undefined index: email in /Users/Mike/Workspace/php-code/weiphp/Addons/Weishop/shop/catalog/controller/account/registerbywx.php on line 8
2015-07-03 17:11:17 - PHP Notice:  Undefined index: firstname in /Users/Mike/Workspace/php-code/weiphp/Addons/Weishop/shop/catalog/controller/account/registerbywx.php on line 9
2015-07-03 17:11:47 - PHP Notice:  Undefined index: password in /Users/Mike/Workspace/php-code/weiphp/Addons/Weishop/shop/catalog/controller/account/registerbywx.php on line 7
2015-07-03 17:11:47 - PHP Notice:  Undefined index: email in /Users/Mike/Workspace/php-code/weiphp/Addons/Weishop/shop/catalog/controller/account/registerbywx.php on line 8
2015-07-03 17:11:47 - PHP Notice:  Undefined index: firstname in /Users/Mike/Workspace/php-code/weiphp/Addons/Weishop/shop/catalog/controller/account/registerbywx.php on line 9
2015-07-03 17:11:47 - PHP Notice:  Undefined index: telephone in /Users/Mike/Workspace/php-code/weiphp/Addons/Weishop/shop/catalog/model/account/customer.php on line 16
2015-07-03 17:11:47 - PHP Notice:  Error: E-Mail to required! in /Users/Mike/Workspace/php-code/weiphp/Addons/Weishop/shop/system/library/mail.php on line 63
2015-07-03 17:12:21 - PHP Notice:  Undefined index: telephone in /Users/Mike/Workspace/php-code/weiphp/Addons/Weishop/shop/catalog/model/account/customer.php on line 16
2015-07-03 17:12:21 - PHP Notice:  Undefined index: lastname in /Users/Mike/Workspace/php-code/weiphp/Addons/Weishop/shop/catalog/controller/account/registerbywx.php on line 40
2015-07-03 17:12:27 - PHP Notice:  Undefined index: password in /Users/Mike/Workspace/php-code/weiphp/Addons/Weishop/shop/catalog/controller/account/registerbywx.php on line 7
2015-07-03 17:12:27 - PHP Notice:  Undefined index: email in /Users/Mike/Workspace/php-code/weiphp/Addons/Weishop/shop/catalog/controller/account/registerbywx.php on line 8
2015-07-03 17:12:27 - PHP Notice:  Undefined index: firstname in /Users/Mike/Workspace/php-code/weiphp/Addons/Weishop/shop/catalog/controller/account/registerbywx.php on line 9
2015-07-03 17:12:27 - PHP Notice:  Undefined index: telephone in /Users/Mike/Workspace/php-code/weiphp/Addons/Weishop/shop/catalog/model/account/customer.php on line 16
2015-07-03 17:12:27 - PHP Notice:  Error: E-Mail to required! in /Users/Mike/Workspace/php-code/weiphp/Addons/Weishop/shop/system/library/mail.php on line 63
2015-07-03 18:18:53 - PHP Notice:  Undefined index: openid in /Users/Mike/Workspace/php-code/weiphp/Addons/Weishop/shop/catalog/controller/account/registerbywx.php on line 7
2015-07-03 18:18:53 - PHP Notice:  Undefined index: openid in /Users/Mike/Workspace/php-code/weiphp/Addons/Weishop/shop/catalog/controller/account/registerbywx.php on line 8
2015-07-03 18:18:53 - PHP Notice:  Undefined index: openid in /Users/Mike/Workspace/php-code/weiphp/Addons/Weishop/shop/catalog/controller/account/registerbywx.php on line 9
2015-07-03 18:18:53 - PHP Notice:  Undefined variable: email in /Users/Mike/Workspace/php-code/weiphp/Addons/Weishop/shop/catalog/controller/account/registerbywx.php on line 25
2015-07-03 18:19:08 - PHP Notice:  Undefined variable: email in /Users/Mike/Workspace/php-code/weiphp/Addons/Weishop/shop/catalog/controller/account/registerbywx.php on line 25
2015-07-03 18:19:34 - PHP Notice:  Undefined variable: email in /Users/Mike/Workspace/php-code/weiphp/Addons/Weishop/shop/catalog/controller/account/registerbywx.php on line 25
2015-07-03 18:19:34 - PHP Notice:  Undefined variable: email in /Users/Mike/Workspace/php-code/weiphp/Addons/Weishop/shop/catalog/controller/account/registerbywx.php on line 25
2015-07-03 18:19:35 - PHP Notice:  Undefined variable: email in /Users/Mike/Workspace/php-code/weiphp/Addons/Weishop/shop/catalog/controller/account/registerbywx.php on line 25
2015-07-03 18:19:35 - PHP Notice:  Undefined variable: email in /Users/Mike/Workspace/php-code/weiphp/Addons/Weishop/shop/catalog/controller/account/registerbywx.php on line 25
2015-07-03 18:19:36 - PHP Notice:  Undefined index: openid in /Users/Mike/Workspace/php-code/weiphp/Addons/Weishop/shop/catalog/controller/account/registerbywx.php on line 7
2015-07-03 18:19:36 - PHP Notice:  Undefined index: openid in /Users/Mike/Workspace/php-code/weiphp/Addons/Weishop/shop/catalog/controller/account/registerbywx.php on line 8
2015-07-03 18:19:36 - PHP Notice:  Undefined index: openid in /Users/Mike/Workspace/php-code/weiphp/Addons/Weishop/shop/catalog/controller/account/registerbywx.php on line 9
2015-07-03 18:19:36 - PHP Notice:  Undefined variable: email in /Users/Mike/Workspace/php-code/weiphp/Addons/Weishop/shop/catalog/controller/account/registerbywx.php on line 25
2015-07-03 18:19:49 - PHP Notice:  Undefined index: openid in /Users/Mike/Workspace/php-code/weiphp/Addons/Weishop/shop/catalog/controller/account/registerbywx.php on line 7
2015-07-03 18:19:49 - PHP Notice:  Undefined index: openid in /Users/Mike/Workspace/php-code/weiphp/Addons/Weishop/shop/catalog/controller/account/registerbywx.php on line 8
2015-07-03 18:19:49 - PHP Notice:  Undefined index: openid in /Users/Mike/Workspace/php-code/weiphp/Addons/Weishop/shop/catalog/controller/account/registerbywx.php on line 9
2015-07-03 18:19:49 - PHP Notice:  Undefined variable: email in /Users/Mike/Workspace/php-code/weiphp/Addons/Weishop/shop/catalog/controller/account/registerbywx.php on line 25
2015-07-03 18:19:50 - PHP Notice:  Undefined index: openid in /Users/Mike/Workspace/php-code/weiphp/Addons/Weishop/shop/catalog/controller/account/registerbywx.php on line 7
2015-07-03 18:19:50 - PHP Notice:  Undefined index: openid in /Users/Mike/Workspace/php-code/weiphp/Addons/Weishop/shop/catalog/controller/account/registerbywx.php on line 8
2015-07-03 18:19:50 - PHP Notice:  Undefined index: openid in /Users/Mike/Workspace/php-code/weiphp/Addons/Weishop/shop/catalog/controller/account/registerbywx.php on line 9
2015-07-03 18:19:50 - PHP Notice:  Undefined variable: email in /Users/Mike/Workspace/php-code/weiphp/Addons/Weishop/shop/catalog/controller/account/registerbywx.php on line 25
2015-07-03 18:19:50 - PHP Notice:  Undefined index: openid in /Users/Mike/Workspace/php-code/weiphp/Addons/Weishop/shop/catalog/controller/account/registerbywx.php on line 7
2015-07-03 18:19:50 - PHP Notice:  Undefined index: openid in /Users/Mike/Workspace/php-code/weiphp/Addons/Weishop/shop/catalog/controller/account/registerbywx.php on line 8
2015-07-03 18:19:50 - PHP Notice:  Undefined index: openid in /Users/Mike/Workspace/php-code/weiphp/Addons/Weishop/shop/catalog/controller/account/registerbywx.php on line 9
2015-07-03 18:19:50 - PHP Notice:  Undefined variable: email in /Users/Mike/Workspace/php-code/weiphp/Addons/Weishop/shop/catalog/controller/account/registerbywx.php on line 25
2015-07-03 18:19:55 - PHP Notice:  Undefined variable: email in /Users/Mike/Workspace/php-code/weiphp/Addons/Weishop/shop/catalog/controller/account/registerbywx.php on line 25
2015-07-03 18:19:56 - PHP Notice:  Undefined variable: email in /Users/Mike/Workspace/php-code/weiphp/Addons/Weishop/shop/catalog/controller/account/registerbywx.php on line 25
2015-07-03 18:19:57 - PHP Notice:  Undefined variable: email in /Users/Mike/Workspace/php-code/weiphp/Addons/Weishop/shop/catalog/controller/account/registerbywx.php on line 25
2015-07-03 18:20:03 - PHP Notice:  Undefined variable: email in /Users/Mike/Workspace/php-code/weiphp/Addons/Weishop/shop/catalog/controller/account/registerbywx.php on line 25
2015-07-03 18:20:14 - PHP Notice:  Undefined variable: email in /Users/Mike/Workspace/php-code/weiphp/Addons/Weishop/shop/catalog/controller/account/registerbywx.php on line 25
2015-07-03 18:23:10 - PHP Notice:  Undefined index: telephone in /Users/Mike/Workspace/php-code/weiphp/Addons/Weishop/shop/catalog/model/account/customer.php on line 16
2015-07-03 18:23:10 - PHP Notice:  Undefined index: lastname in /Users/Mike/Workspace/php-code/weiphp/Addons/Weishop/shop/catalog/controller/account/registerbywx.php on line 37
2015-07-03 18:23:18 - PHP Notice:  Undefined index: telephone in /Users/Mike/Workspace/php-code/weiphp/Addons/Weishop/shop/catalog/model/account/customer.php on line 16
2015-07-03 18:23:18 - PHP Notice:  Undefined index: lastname in /Users/Mike/Workspace/php-code/weiphp/Addons/Weishop/shop/catalog/controller/account/registerbywx.php on line 37
2015-07-03 18:23:19 - PHP Notice:  Undefined index: email in /Users/Mike/Workspace/php-code/weiphp/Addons/Weishop/shop/catalog/controller/account/registerbywx.php on line 46
2015-07-03 18:23:19 - PHP Notice:  Undefined index: email in /Users/Mike/Workspace/php-code/weiphp/Addons/Weishop/shop/catalog/controller/account/registerbywx.php on line 51
2015-07-03 18:23:19 - PHP Notice:  Undefined index: password in /Users/Mike/Workspace/php-code/weiphp/Addons/Weishop/shop/catalog/controller/account/registerbywx.php on line 51
2015-07-03 18:23:19 - PHP Notice:  Undefined index: email in /Users/Mike/Workspace/php-code/weiphp/Addons/Weishop/shop/catalog/controller/account/registerbywx.php on line 55
2015-07-03 18:23:22 - PHP Notice:  Undefined index: email in /Users/Mike/Workspace/php-code/weiphp/Addons/Weishop/shop/catalog/controller/account/registerbywx.php on line 46
2015-07-03 18:23:22 - PHP Notice:  Undefined index: email in /Users/Mike/Workspace/php-code/weiphp/Addons/Weishop/shop/catalog/controller/account/registerbywx.php on line 51
2015-07-03 18:23:22 - PHP Notice:  Undefined index: password in /Users/Mike/Workspace/php-code/weiphp/Addons/Weishop/shop/catalog/controller/account/registerbywx.php on line 51
2015-07-03 18:23:22 - PHP Notice:  Undefined index: email in /Users/Mike/Workspace/php-code/weiphp/Addons/Weishop/shop/catalog/controller/account/registerbywx.php on line 55
2015-07-03 18:24:11 - PHP Notice:  Undefined index: email in /Users/Mike/Workspace/php-code/weiphp/Addons/Weishop/shop/catalog/controller/account/registerbywx.php on line 46
2015-07-03 18:24:11 - PHP Notice:  Undefined index: email in /Users/Mike/Workspace/php-code/weiphp/Addons/Weishop/shop/catalog/controller/account/registerbywx.php on line 51
2015-07-03 18:24:11 - PHP Notice:  Undefined index: password in /Users/Mike/Workspace/php-code/weiphp/Addons/Weishop/shop/catalog/controller/account/registerbywx.php on line 51
2015-07-03 18:24:11 - PHP Notice:  Undefined index: email in /Users/Mike/Workspace/php-code/weiphp/Addons/Weishop/shop/catalog/controller/account/registerbywx.php on line 55
2015-07-03 18:24:29 - PHP Notice:  Undefined index: email in /Users/Mike/Workspace/php-code/weiphp/Addons/Weishop/shop/catalog/controller/account/registerbywx.php on line 46
2015-07-03 18:24:29 - PHP Notice:  Undefined index: email in /Users/Mike/Workspace/php-code/weiphp/Addons/Weishop/shop/catalog/controller/account/registerbywx.php on line 51
2015-07-03 18:24:29 - PHP Notice:  Undefined index: password in /Users/Mike/Workspace/php-code/weiphp/Addons/Weishop/shop/catalog/controller/account/registerbywx.php on line 51
2015-07-03 18:24:29 - PHP Notice:  Undefined index: email in /Users/Mike/Workspace/php-code/weiphp/Addons/Weishop/shop/catalog/controller/account/registerbywx.php on line 55
2015-07-06 3:03:49 - PHP Notice:  Undefined index: email in /Users/Mike/Workspace/php-code/weiphp/Addons/Weishop/shop/catalog/controller/account/registerbywx.php on line 46
2015-07-06 6:01:03 - PHP Notice:  Undefined index: email in /Users/Mike/Workspace/php-code/weiphp/Addons/Weishop/shop/catalog/controller/account/registerbywx.php on line 46
2015-07-06 6:20:48 - PHP Notice:  Undefined index: email in /Users/Mike/Workspace/php-code/weiphp/Addons/Weishop/shop/catalog/controller/account/registerbywx.php on line 46
2015-07-06 9:01:23 - PHP Notice:  Undefined index: email in /Users/Mike/Workspace/php-code/weiphp/Addons/Weishop/shop/catalog/controller/account/registerbywx.php on line 46
2015-07-07 6:10:15 - PHP Notice:  Undefined index: telephone in /Users/Mike/Workspace/php-code/weiphp/Addons/Weishop/shop/catalog/model/account/customer.php on line 16
2015-07-07 6:10:15 - PHP Notice:  Undefined index: lastname in /Users/Mike/Workspace/php-code/weiphp/Addons/Weishop/shop/catalog/controller/account/registerbywx.php on line 37
2015-07-07 7:04:15 - PHP Notice:  Undefined index: email in /Users/Mike/Workspace/php-code/weiphp/Addons/Weishop/shop/catalog/controller/account/registerbywx.php on line 46
2015-07-07 9:57:09 - PHP Notice:  Error: Could not load model /Users/Mike/Workspace/php-code/weiphp/Addons/Weishop/shop/catalog/model/payment/amazon_checkout.php! in /Users/Mike/Workspace/php-code/weiphp/Addons/Weishop/shop/system/engine/loader.php on line 24
2015-07-07 9:59:11 - PHP Notice:  Error: Could not load model /Users/Mike/Workspace/php-code/weiphp/Addons/Weishop/shop/catalog/model/payment/amazon_checkout.php! in /Users/Mike/Workspace/php-code/weiphp/Addons/Weishop/shop/system/engine/loader.php on line 24
2015-07-07 10:27:07 - PHP Notice:  Undefined index: email in /Users/Mike/Workspace/php-code/weiphp/Addons/Weishop/shop/catalog/controller/account/registerbywx.php on line 46
2015-07-07 14:44:37 - PHP Notice:  Undefined index: email in /Users/Mike/Workspace/php-code/weiphp/Addons/Weishop/shop/catalog/controller/account/registerbywx.php on line 46
